2019-06-20 19:24:18,401 p=2584 u=vipicm |   __________________________
< PLAY [REAL_anno_1991_AB] >
 --------------------------
        \   ^__^
         \  (oo)\_______
            (__)\       )\/\
                ||----w |
                ||     ||


2019-06-20 19:24:18,503 p=2584 u=vipicm |   ________________________
< TASK [Gathering Facts] >
 ------------------------
        \   ^__^
         \  (oo)\_______
            (__)\       )\/\
                ||----w |
                ||     ||


2019-06-20 19:24:18,596 p=2584 u=vipicm |  fatal: [localhost]: UNREACHABLE! => {"changed": false, "msg": "Failed to connect to the host via ssh: Permission denied (publickey,password).", "unreachable": true}
2019-06-20 19:24:18,637 p=2584 u=vipicm |   ____________
< PLAY RECAP >
 ------------
        \   ^__^
         \  (oo)\_______
            (__)\       )\/\
                ||----w |
                ||     ||


2019-06-20 19:24:18,639 p=2584 u=vipicm |  localhost                  : ok=0    changed=0    unreachable=1    failed=0    skipped=0    rescued=0    ignored=0   
2019-06-20 19:25:11,727 p=2627 u=vipicm |   __________________________
< PLAY [REAL_anno_1991_AB] >
 --------------------------
        \   ^__^
         \  (oo)\_______
            (__)\       )\/\
                ||----w |
                ||     ||


2019-06-20 19:25:11,797 p=2627 u=vipicm |   ________________________
< TASK [Gathering Facts] >
 ------------------------
        \   ^__^
         \  (oo)\_______
            (__)\       )\/\
                ||----w |
                ||     ||


2019-06-20 19:25:11,912 p=2627 u=vipicm |  fatal: [localhost]: UNREACHABLE! => {"changed": false, "msg": "Failed to connect to the host via ssh: Permission denied (publickey,password).", "unreachable": true}
2019-06-20 19:25:11,972 p=2627 u=vipicm |   ____________
< PLAY RECAP >
 ------------
        \   ^__^
         \  (oo)\_______
            (__)\       )\/\
                ||----w |
                ||     ||


2019-06-20 19:25:11,973 p=2627 u=vipicm |  localhost                  : ok=0    changed=0    unreachable=1    failed=0    skipped=0    rescued=0    ignored=0   
2019-06-20 19:25:18,424 p=2668 u=vipicm |  ansible-playbook 2.8.1
  config file = /home/vipicm/Documents/project/ansible_projects/os_maintenance/ansible.cfg
  configured module search path = [u'/home/vipicm/.ansible/plugins/modules', u'/usr/share/ansible/plugins/modules']
  ansible python module location = /usr/lib/python2.7/dist-packages/ansible
  executable location = /usr/bin/ansible-playbook
  python version = 2.7.12 (default, Nov 12 2018, 14:36:49) [GCC 5.4.0 20160609]
2019-06-20 19:25:18,426 p=2668 u=vipicm |  Using /home/vipicm/Documents/project/ansible_projects/os_maintenance/ansible.cfg as config file
2019-06-20 19:25:18,444 p=2668 u=vipicm |  host_list declined parsing /home/vipicm/Documents/project/ansible_projects/os_maintenance/inventories/hosts as it did not pass it's verify_file() method
2019-06-20 19:25:18,445 p=2668 u=vipicm |  script declined parsing /home/vipicm/Documents/project/ansible_projects/os_maintenance/inventories/hosts as it did not pass it's verify_file() method
2019-06-20 19:25:18,445 p=2668 u=vipicm |  auto declined parsing /home/vipicm/Documents/project/ansible_projects/os_maintenance/inventories/hosts as it did not pass it's verify_file() method
2019-06-20 19:25:18,460 p=2668 u=vipicm |  Parsed /home/vipicm/Documents/project/ansible_projects/os_maintenance/inventories/hosts inventory source with ini plugin
2019-06-20 19:25:19,143 p=2668 u=vipicm |   _______________________
< PLAYBOOK: collect.yml >
 -----------------------
        \   ^__^
         \  (oo)\_______
            (__)\       )\/\
                ||----w |
                ||     ||


2019-06-20 19:25:19,145 p=2668 u=vipicm |  1 plays in collect.yml
2019-06-20 19:25:19,247 p=2668 u=vipicm |   __________________________
< PLAY [REAL_anno_1991_AB] >
 --------------------------
        \   ^__^
         \  (oo)\_______
            (__)\       )\/\
                ||----w |
                ||     ||


2019-06-20 19:25:19,319 p=2668 u=vipicm |   ________________________
< TASK [Gathering Facts] >
 ------------------------
        \   ^__^
         \  (oo)\_______
            (__)\       )\/\
                ||----w |
                ||     ||


2019-06-20 19:25:19,320 p=2668 u=vipicm |  task path: /home/vipicm/Documents/project/ansible_projects/os_maintenance/collect.yml:1
2019-06-20 19:25:19,359 p=2668 u=vipicm |  <localhost> ESTABLISH SSH CONNECTION FOR USER: vipicm
2019-06-20 19:25:19,362 p=2668 u=vipicm |  <localhost> SSH: EXEC ssh -o ForwardAgent=yes -o StrictHostKeyChecking=no -o StrictHostKeyChecking=no -o Port=22 -o KbdInteractiveAuthentication=no -o PreferredAuthentications=gssapi-with-mic,gssapi-keyex,hostbased,publickey -o PasswordAuthentication=no -o 'User="vipicm"' -o ConnectTimeout=10 localhost '/bin/sh -c '"'"'echo ~vipicm && sleep 0'"'"''
2019-06-20 19:25:19,446 p=2668 u=vipicm |  <localhost> (255, '', 'Permission denied (publickey,password).\r\n')
2019-06-20 19:25:19,453 p=2668 u=vipicm |  fatal: [localhost]: UNREACHABLE! => {
    "changed": false, 
    "msg": "Failed to connect to the host via ssh: Permission denied (publickey,password).", 
    "unreachable": true
}
2019-06-20 19:25:19,512 p=2668 u=vipicm |   ____________
< PLAY RECAP >
 ------------
        \   ^__^
         \  (oo)\_______
            (__)\       )\/\
                ||----w |
                ||     ||


2019-06-20 19:25:19,513 p=2668 u=vipicm |  localhost                  : ok=0    changed=0    unreachable=1    failed=0    skipped=0    rescued=0    ignored=0   
2019-06-20 19:27:44,960 p=2903 u=vipicm |  ansible-playbook 2.8.1
  config file = /home/vipicm/Documents/project/ansible_projects/os_maintenance/ansible.cfg
  configured module search path = [u'/home/vipicm/.ansible/plugins/modules', u'/usr/share/ansible/plugins/modules']
  ansible python module location = /usr/lib/python2.7/dist-packages/ansible
  executable location = /usr/bin/ansible-playbook
  python version = 2.7.12 (default, Nov 12 2018, 14:36:49) [GCC 5.4.0 20160609]
2019-06-20 19:27:44,961 p=2903 u=vipicm |  Using /home/vipicm/Documents/project/ansible_projects/os_maintenance/ansible.cfg as config file
2019-06-20 19:27:44,977 p=2903 u=vipicm |  host_list declined parsing /home/vipicm/Documents/project/ansible_projects/os_maintenance/inventories/hosts as it did not pass it's verify_file() method
2019-06-20 19:27:44,978 p=2903 u=vipicm |  script declined parsing /home/vipicm/Documents/project/ansible_projects/os_maintenance/inventories/hosts as it did not pass it's verify_file() method
2019-06-20 19:27:44,979 p=2903 u=vipicm |  auto declined parsing /home/vipicm/Documents/project/ansible_projects/os_maintenance/inventories/hosts as it did not pass it's verify_file() method
2019-06-20 19:27:44,995 p=2903 u=vipicm |  Parsed /home/vipicm/Documents/project/ansible_projects/os_maintenance/inventories/hosts inventory source with ini plugin
2019-06-20 19:27:45,593 p=2903 u=vipicm |   _______________________
< PLAYBOOK: collect.yml >
 -----------------------
        \   ^__^
         \  (oo)\_______
            (__)\       )\/\
                ||----w |
                ||     ||


2019-06-20 19:27:45,595 p=2903 u=vipicm |  1 plays in collect.yml
2019-06-20 19:27:45,683 p=2903 u=vipicm |   __________________________
< PLAY [REAL_anno_1991_AB] >
 --------------------------
        \   ^__^
         \  (oo)\_______
            (__)\       )\/\
                ||----w |
                ||     ||


2019-06-20 19:27:45,735 p=2903 u=vipicm |   ________________________
< TASK [Gathering Facts] >
 ------------------------
        \   ^__^
         \  (oo)\_______
            (__)\       )\/\
                ||----w |
                ||     ||


2019-06-20 19:27:45,737 p=2903 u=vipicm |  task path: /home/vipicm/Documents/project/ansible_projects/os_maintenance/collect.yml:1
2019-06-20 19:27:45,762 p=2903 u=vipicm |  <localhost> ESTABLISH SSH CONNECTION FOR USER: vipicm
2019-06-20 19:27:45,792 p=2903 u=vipicm |  <localhost> SSH: EXEC sshpass -d12 ssh -o ForwardAgent=yes -o StrictHostKeyChecking=no -o StrictHostKeyChecking=no -o Port=22 -o 'User="vipicm"' -o ConnectTimeout=10 localhost '/bin/sh -c '"'"'echo ~vipicm && sleep 0'"'"''
2019-06-20 19:27:46,026 p=2903 u=vipicm |  <localhost> (0, '/home/vipicm\n', '')
2019-06-20 19:27:46,030 p=2903 u=vipicm |  <localhost> ESTABLISH SSH CONNECTION FOR USER: vipicm
2019-06-20 19:27:46,037 p=2903 u=vipicm |  <localhost> SSH: EXEC sshpass -d12 ssh -o ForwardAgent=yes -o StrictHostKeyChecking=no -o StrictHostKeyChecking=no -o Port=22 -o 'User="vipicm"' -o ConnectTimeout=10 localhost '/bin/sh -c '"'"'( umask 77 && mkdir -p "` echo /home/vipicm/.ansible/tmp/ansible-tmp-1561039065.76-220782230203662 `" && echo ansible-tmp-1561039065.76-220782230203662="` echo /home/vipicm/.ansible/tmp/ansible-tmp-1561039065.76-220782230203662 `" ) && sleep 0'"'"''
2019-06-20 19:27:46,310 p=2903 u=vipicm |  <localhost> (0, 'ansible-tmp-1561039065.76-220782230203662=/home/vipicm/.ansible/tmp/ansible-tmp-1561039065.76-220782230203662\n', '')
2019-06-20 19:27:47,051 p=2903 u=vipicm |  <localhost> Attempting python interpreter discovery
2019-06-20 19:27:47,052 p=2903 u=vipicm |  <localhost> ESTABLISH SSH CONNECTION FOR USER: vipicm
2019-06-20 19:27:47,054 p=2903 u=vipicm |  <localhost> SSH: EXEC sshpass -d12 ssh -o ForwardAgent=yes -o StrictHostKeyChecking=no -o StrictHostKeyChecking=no -o Port=22 -o 'User="vipicm"' -o ConnectTimeout=10 localhost '/bin/sh -c '"'"'echo PLATFORM; uname; echo FOUND; command -v '"'"'"'"'"'"'"'"'/usr/bin/python'"'"'"'"'"'"'"'"'; command -v '"'"'"'"'"'"'"'"'python3.7'"'"'"'"'"'"'"'"'; command -v '"'"'"'"'"'"'"'"'python3.6'"'"'"'"'"'"'"'"'; command -v '"'"'"'"'"'"'"'"'python3.5'"'"'"'"'"'"'"'"'; command -v '"'"'"'"'"'"'"'"'python2.7'"'"'"'"'"'"'"'"'; command -v '"'"'"'"'"'"'"'"'python2.6'"'"'"'"'"'"'"'"'; command -v '"'"'"'"'"'"'"'"'/usr/libexec/platform-python'"'"'"'"'"'"'"'"'; command -v '"'"'"'"'"'"'"'"'/usr/bin/python3'"'"'"'"'"'"'"'"'; command -v '"'"'"'"'"'"'"'"'python'"'"'"'"'"'"'"'"'; echo ENDFOUND && sleep 0'"'"''
2019-06-20 19:27:47,273 p=2903 u=vipicm |  <localhost> (0, 'PLATFORM\nLinux\nFOUND\n/usr/bin/python\n/usr/bin/python3.5\n/usr/bin/python2.7\n/usr/bin/python3\n/usr/bin/python\nENDFOUND\n', '')
2019-06-20 19:27:47,329 p=2903 u=vipicm |  <localhost> ESTABLISH SSH CONNECTION FOR USER: vipicm
2019-06-20 19:27:47,333 p=2903 u=vipicm |  <localhost> SSH: EXEC sshpass -d12 ssh -o ForwardAgent=yes -o StrictHostKeyChecking=no -o StrictHostKeyChecking=no -o Port=22 -o 'User="vipicm"' -o ConnectTimeout=10 localhost '/bin/sh -c '"'"'/usr/bin/python && sleep 0'"'"''
2019-06-20 19:27:47,615 p=2903 u=vipicm |  <localhost> (0, '{"osrelease_content": "NAME=\\"Linux Mint\\"\\nVERSION=\\"18 (Sarah)\\"\\nID=linuxmint\\nID_LIKE=ubuntu\\nPRETTY_NAME=\\"Linux Mint 18\\"\\nVERSION_ID=\\"18\\"\\nHOME_URL=\\"http://www.linuxmint.com/\\"\\nSUPPORT_URL=\\"http://forums.linuxmint.com/\\"\\nBUG_REPORT_URL=\\"http://bugs.launchpad.net/linuxmint/\\"\\nUBUNTU_CODENAME=xenial\\n", "platform_dist_result": ["LinuxMint", "18", "sarah"]}\n', '')
2019-06-20 19:27:47,626 p=2903 u=vipicm |  <localhost> Python interpreter discovery fallback (unsupported Linux distribution: LinuxMint)
2019-06-20 19:27:47,635 p=2903 u=vipicm |  Using module file /usr/lib/python2.7/dist-packages/ansible/modules/system/setup.py
2019-06-20 19:27:47,646 p=2903 u=vipicm |  <localhost> PUT /home/vipicm/.ansible/tmp/ansible-local-2903bBRyib/tmp68kAKj TO /home/vipicm/.ansible/tmp/ansible-tmp-1561039065.76-220782230203662/AnsiballZ_setup.py
2019-06-20 19:27:47,649 p=2903 u=vipicm |  <localhost> SSH: EXEC sshpass -d12 sftp -o BatchMode=no -b - -o ForwardAgent=yes -o StrictHostKeyChecking=no -o StrictHostKeyChecking=no -o Port=22 -o 'User="vipicm"' -o ConnectTimeout=10 '[localhost]'
2019-06-20 19:27:47,973 p=2903 u=vipicm |  <localhost> (0, 'sftp> put /home/vipicm/.ansible/tmp/ansible-local-2903bBRyib/tmp68kAKj /home/vipicm/.ansible/tmp/ansible-tmp-1561039065.76-220782230203662/AnsiballZ_setup.py\n', '')
2019-06-20 19:27:47,978 p=2903 u=vipicm |  <localhost> ESTABLISH SSH CONNECTION FOR USER: vipicm
2019-06-20 19:27:47,985 p=2903 u=vipicm |  <localhost> SSH: EXEC sshpass -d12 ssh -o ForwardAgent=yes -o StrictHostKeyChecking=no -o StrictHostKeyChecking=no -o Port=22 -o 'User="vipicm"' -o ConnectTimeout=10 localhost '/bin/sh -c '"'"'chmod u+x /home/vipicm/.ansible/tmp/ansible-tmp-1561039065.76-220782230203662/ /home/vipicm/.ansible/tmp/ansible-tmp-1561039065.76-220782230203662/AnsiballZ_setup.py && sleep 0'"'"''
2019-06-20 19:27:48,274 p=2903 u=vipicm |  <localhost> (0, '', '')
2019-06-20 19:27:48,284 p=2903 u=vipicm |  <localhost> ESTABLISH SSH CONNECTION FOR USER: vipicm
2019-06-20 19:27:48,290 p=2903 u=vipicm |  <localhost> SSH: EXEC sshpass -d12 ssh -o ForwardAgent=yes -o StrictHostKeyChecking=no -o StrictHostKeyChecking=no -o Port=22 -o 'User="vipicm"' -o ConnectTimeout=10 -tt localhost '/bin/sh -c '"'"'/usr/bin/python /home/vipicm/.ansible/tmp/ansible-tmp-1561039065.76-220782230203662/AnsiballZ_setup.py && sleep 0'"'"''
2019-06-20 19:27:49,311 p=2903 u=vipicm |  <localhost> (0, '\r\n{"invocation": {"module_args": {"filter": "*", "gather_subset": ["all"], "fact_path": "/etc/ansible/facts.d", "gather_timeout": 10}}, "ansible_facts": {"ansible_fibre_channel_wwn": [], "module_setup": true, "ansible_distribution_version": "18", "ansible_distribution_file_variety": "Debian", "ansible_env": {"LANG": "en_IN", "TERM": "xterm-256color", "SHELL": "/bin/bash", "XDG_SESSION_COOKIE": "2a5d5f96ef9147c0b35535562b32d0ff-1561039068.442339-1952052873", "LANGUAGE": "en_IN:en", "SHLVL": "1", "SSH_TTY": "/dev/pts/3", "SSH_AUTH_SOCK": "/tmp/ssh-rQh64xAvQe/agent.3157", "PWD": "/home/vipicm", "PATH": "/usr/local/sbin:/usr/local/bin:/usr/sbin:/usr/bin:/sbin:/bin:/usr/games:/usr/local/games", "SSH_CLIENT": "127.0.0.1 39534 22", "LOGNAME": "vipicm", "USER": "vipicm", "HOME": "/home/vipicm", "MAIL": "/var/mail/vipicm", "SSH_CONNECTION": "127.0.0.1 39534 127.0.0.1 22", "XDG_SESSION_ID": "53", "_": "/bin/sh", "XDG_RUNTIME_DIR": "/run/user/1000"}, "ansible_userspace_bits": "64", "ansible_architecture": "x86_64", "ansible_default_ipv4": {"macaddress": "08:00:27:c9:b8:7b", "network": "10.0.2.0", "mtu": 1500, "broadcast": "10.0.2.255", "alias": "enp0s3", "netmask": "255.255.255.0", "address": "10.0.2.4", "interface": "enp0s3", "type": "ether", "gateway": "10.0.2.1"}, "ansible_swapfree_mb": 2012, "ansible_default_ipv6": {}, "ansible_cmdline": {"BOOT_IMAGE": "/vmlinuz-4.4.0-21-generic", "splash": true, "root": "/dev/mapper/mint--vg-root", "ro": true, "quiet": true}, "ansible_machine_id": "2a5d5f96ef9147c0b35535562b32d0ff", "ansible_userspace_architecture": "x86_64", "ansible_product_uuid": "NA", "ansible_pkg_mgr": "apt", "ansible_distribution": "Linux Mint", "ansible_iscsi_iqn": "", "ansible_all_ipv6_addresses": ["fe80::fa9b:7d2:1c2c:583d"], "ansible_uptime_seconds": 157302, "ansible_kernel": "4.4.0-21-generic", "ansible_system_capabilities_enforced": "True", "ansible_python": {"executable": "/usr/bin/python", "version": {"micro": 12, "major": 2, "releaselevel": "final", "serial": 0, "minor": 7}, "type": "CPython", "has_sslcontext": true, "version_info": [2, 7, 12, "final", 0]}, "ansible_is_chroot": false, "ansible_hostnqn": "", "ansible_user_shell": "/bin/bash", "ansible_product_serial": "NA", "ansible_form_factor": "Other", "ansible_distribution_file_parsed": true, "ansible_fips": false, "ansible_user_id": "vipicm", "ansible_selinux_python_present": false, "ansible_local": {}, "ansible_processor_vcpus": 1, "ansible_docker0": {"macaddress": "02:42:eb:b3:26:66", "features": {"tx_checksum_ipv4": "off [fixed]", "generic_receive_offload": "on", "tx_checksum_ipv6": "off [fixed]", "tx_scatter_gather_fraglist": "on", "rx_all": "off [fixed]", "highdma": "on", "rx_fcs": "off [fixed]", "tx_lockless": "on [fixed]", "tx_tcp_ecn_segmentation": "on", "tx_tcp6_segmentation": "on", "tx_gso_robust": "on", "tx_ipip_segmentation": "on", "tx_checksumming": "on", "vlan_challenged": "off [fixed]", "loopback": "off [fixed]", "fcoe_mtu": "off [fixed]", "tx_checksum_sctp": "off [fixed]", "tx_vlan_stag_hw_insert": "on", "rx_vlan_stag_hw_parse": "off [fixed]", "rx_vlan_stag_filter": "off [fixed]", "large_receive_offload": "off [fixed]", "tx_scatter_gather": "on", "rx_checksumming": "off [fixed]", "tx_tcp_segmentation": "on", "netns_local": "on [fixed]", "busy_poll": "off [fixed]", "generic_segmentation_offload": "on", "tx_udp_tnl_segmentation": "on", "tcp_segmentation_offload": "on", "l2_fwd_offload": "off [fixed]", "rx_vlan_offload": "off [fixed]", "ntuple_filters": "off [fixed]", "tx_vlan_offload": "on", "tx_nocache_copy": "off", "udp_fragmentation_offload": "on", "scatter_gather": "on", "tx_sit_segmentation": "on", "tx_checksum_fcoe_crc": "off [fixed]", "hw_tc_offload": "off [fixed]", "tx_checksum_ip_generic": "on", "tx_fcoe_segmentation": "on", "rx_vlan_filter": "off [fixed]", "receive_hashing": "off [fixed]", "tx_gre_segmentation": "on"}, "interfaces": [], "id": "8000.0242ebb32666", "mtu": 1500, "device": "docker0", "promisc": false, "stp": false, "ipv4": {"broadcast": "172.17.255.255", "netmask": "255.255.0.0", "network": "172.17.0.0", "address": "172.17.0.1"}, "active": false, "timestamping": ["rx_software", "software"], "type": "bridge", "hw_timestamp_filters": []}, "ansible_processor": ["0", "GenuineIntel", "Intel(R) Core(TM) i5-8250U CPU @ 1.60GHz"], "ansible_ssh_host_key_ecdsa_public": "AAAAE2VjZHNhLXNoYTItbmlzdHAyNTYAAAAIbmlzdHAyNTYAAABBBGwf29X+mr3TsOmEmilFb/akM4FdQo17eIuLp6IQv963+Am3gFBd2tfkdQPgrBslpS6xZJC31Qc2x8owO3VSOXQ=", "ansible_user_gid": 1000, "ansible_system_vendor": "innotek GmbH", "ansible_swaptotal_mb": 2047, "ansible_distribution_major_version": "18", "ansible_real_group_id": 1000, "ansible_lsb": {"release": "18", "major_release": "18", "codename": "sarah", "id": "LinuxMint", "description": "Linux Mint 18 Sarah"}, "ansible_machine": "x86_64", "ansible_ssh_host_key_rsa_public": "AAAAB3NzaC1yc2EAAAADAQABAAABAQDZL2m/0R1T8TSlaONBixchjTgXJS93wwzQ1LVYHx4iCm3uA1q6Smq8K4z9oQ6RknXf+Vz1luDc/HpYII5wMu8OQ1+Uc2i3by8ZpxdK7Wc9g0Q3CYoegArx/7OwOHes5jzMfXnzVXNSYFwdU11AwXs6iglF4EQ/fDcz/vhn7yq7ZSCvc85v4ZlL9aOOxr4lSPo16VDCG0adPaqvjsIIpAQcV3fn8PChvitS0ZNxyKuI5tbnpg0fQcBuZhEcBcBw10j7Cpc7hytpQFsWaNFc6ENjKS92LRlllu0PmtbMgnHpTCxpBrNqMFFYmGJqpJVBrmGN0A09GeT9r8/6NEaFCKEj", "ansible_user_gecos": "vipicm,,,", "ansible_processor_threads_per_core": 1, "ansible_product_name": "VirtualBox", "ansible_all_ipv4_addresses": ["10.0.2.4", "172.17.0.1"], "ansible_python_version": "2.7.12", "ansible_product_version": "1.2", "ansible_service_mgr": "systemd", "ansible_memory_mb": {"real": {"total": 3951, "used": 3392, "free": 559}, "swap": {"cached": 2, "total": 2047, "free": 2012, "used": 35}, "nocache": {"used": 1555, "free": 2396}}, "ansible_user_dir": "/home/vipicm", "gather_subset": ["all"], "ansible_real_user_id": 1000, "ansible_virtualization_role": "guest", "ansible_dns": {"nameservers": ["127.0.1.1"]}, "ansible_effective_group_id": 1000, "ansible_lo": {"features": {"tx_checksum_ipv4": "off [fixed]", "generic_receive_offload": "on", "tx_checksum_ipv6": "off [fixed]", "tx_scatter_gather_fraglist": "on [fixed]", "rx_all": "off [fixed]", "highdma": "on [fixed]", "rx_fcs": "off [fixed]", "tx_lockless": "on [fixed]", "tx_tcp_ecn_segmentation": "on", "tx_tcp6_segmentation": "on", "tx_gso_robust": "off [fixed]", "tx_ipip_segmentation": "off [fixed]", "tx_checksumming": "on", "vlan_challenged": "on [fixed]", "loopback": "on [fixed]", "fcoe_mtu": "off [fixed]", "tx_checksum_sctp": "on [fixed]", "tx_vlan_stag_hw_insert": "off [fixed]", "rx_vlan_stag_hw_parse": "off [fixed]", "rx_vlan_stag_filter": "off [fixed]", "large_receive_offload": "off [fixed]", "tx_scatter_gather": "on [fixed]", "rx_checksumming": "on [fixed]", "tx_tcp_segmentation": "on", "netns_local": "on [fixed]", "busy_poll": "off [fixed]", "generic_segmentation_offload": "on", "tx_udp_tnl_segmentation": "off [fixed]", "tcp_segmentation_offload": "on", "l2_fwd_offload": "off [fixed]", "rx_vlan_offload": "off [fixed]", "ntuple_filters": "off [fixed]", "tx_vlan_offload": "off [fixed]", "tx_nocache_copy": "off [fixed]", "udp_fragmentation_offload": "on", "scatter_gather": "on", "tx_sit_segmentation": "off [fixed]", "tx_checksum_fcoe_crc": "off [fixed]", "hw_tc_offload": "off [fixed]", "tx_checksum_ip_generic": "on [fixed]", "tx_fcoe_segmentation": "off [fixed]", "rx_vlan_filter": "off [fixed]", "receive_hashing": "off [fixed]", "tx_gre_segmentation": "off [fixed]"}, "hw_timestamp_filters": [], "mtu": 65536, "device": "lo", "promisc": false, "timestamping": ["rx_software", "software"], "ipv4": {"broadcast": "host", "netmask": "255.0.0.0", "network": "127.0.0.0", "address": "127.0.0.1"}, "ipv6": [{"scope": "host", "prefix": "128", "address": "::1"}], "active": true, "type": "loopback"}, "ansible_memtotal_mb": 3951, "ansible_device_links": {"masters": {"sda5": ["dm-0", "dm-1"]}, "labels": {}, "ids": {"sr0": ["ata-VBOX_CD-ROM_VB2-01700376"], "sda5": ["ata-VBOX_HARDDISK_VBd9169e62-3143a428-part5", "lvm-pv-uuid-jKUlLR-Ldms-R9dH-h9ah-kc44-vYYH-ldXOGj"], "sda2": ["ata-VBOX_HARDDISK_VBd9169e62-3143a428-part2"], "sda": ["ata-VBOX_HARDDISK_VBd9169e62-3143a428"], "sda1": ["ata-VBOX_HARDDISK_VBd9169e62-3143a428-part1"], "dm-0": ["dm-name-mint--vg-root", "dm-uuid-LVM-1zxcoHkArztjhwYW6zRsNynlHOPmAelfUvQxwwFTlIPE3MGHlIc3giY3XHJLDtGN"], "dm-1": ["dm-name-mint--vg-swap_1", "dm-uuid-LVM-1zxcoHkArztjhwYW6zRsNynlHOPmAelfmagX0jeThPRRVE8q25NiGFZkcHBN3axq"]}, "uuids": {"sda1": ["fe2b046b-1605-466b-9e13-a107d38afcb0"], "dm-0": ["96bf8aec-434f-4bc9-8db9-1e4fed478197"], "dm-1": ["15f2add0-e2fe-4e7f-b039-64a78fa1ad2e"]}}, "ansible_apparmor": {"status": "enabled"}, "ansible_proc_cmdline": {"BOOT_IMAGE": "/vmlinuz-4.4.0-21-generic", "splash": true, "root": "/dev/mapper/mint--vg-root", "ro": true, "quiet": true}, "ansible_memfree_mb": 559, "ansible_processor_count": 1, "ansible_hostname": "vipicm-VirtualBox", "ansible_interfaces": ["lo", "docker0", "enp0s3"], "ansible_selinux": {"status": "Missing selinux Python library"}, "ansible_enp0s3": {"macaddress": "08:00:27:c9:b8:7b", "features": {"tx_checksum_ipv4": "off [fixed]", "generic_receive_offload": "on", "tx_checksum_ipv6": "off [fixed]", "tx_scatter_gather_fraglist": "off [fixed]", "rx_all": "off", "highdma": "off [fixed]", "rx_fcs": "off", "tx_lockless": "off [fixed]", "tx_tcp_ecn_segmentation": "off [fixed]", "tx_tcp6_segmentation": "off [fixed]", "tx_gso_robust": "off [fixed]", "tx_ipip_segmentation": "off [fixed]", "tx_checksumming": "on", "vlan_challenged": "off [fixed]", "loopback": "off [fixed]", "fcoe_mtu": "off [fixed]", "tx_checksum_sctp": "off [fixed]", "tx_vlan_stag_hw_insert": "off [fixed]", "rx_vlan_stag_hw_parse": "off [fixed]", "rx_vlan_stag_filter": "off [fixed]", "large_receive_offload": "off [fixed]", "tx_scatter_gather": "on", "rx_checksumming": "off", "tx_tcp_segmentation": "on", "netns_local": "off [fixed]", "busy_poll": "off [fixed]", "generic_segmentation_offload": "on", "tx_udp_tnl_segmentation": "off [fixed]", "tcp_segmentation_offload": "on", "l2_fwd_offload": "off [fixed]", "rx_vlan_offload": "on", "ntuple_filters": "off [fixed]", "tx_vlan_offload": "on [fixed]", "tx_nocache_copy": "off", "udp_fragmentation_offload": "off [fixed]", "scatter_gather": "on", "tx_sit_segmentation": "off [fixed]", "tx_checksum_fcoe_crc": "off [fixed]", "hw_tc_offload": "off [fixed]", "tx_checksum_ip_generic": "on", "tx_fcoe_segmentation": "off [fixed]", "rx_vlan_filter": "on [fixed]", "receive_hashing": "off [fixed]", "tx_gre_segmentation": "off [fixed]"}, "type": "ether", "pciid": "0000:00:03.0", "module": "e1000", "mtu": 1500, "device": "enp0s3", "promisc": false, "timestamping": ["tx_software", "rx_software", "software"], "ipv4": {"broadcast": "10.0.2.255", "netmask": "255.255.255.0", "network": "10.0.2.0", "address": "10.0.2.4"}, "ipv6": [{"scope": "link", "prefix": "64", "address": "fe80::fa9b:7d2:1c2c:583d"}], "active": true, "speed": 1000, "hw_timestamp_filters": []}, "ansible_fqdn": "vipicm-VirtualBox", "ansible_mounts": [{"block_used": 86203, "uuid": "fe2b046b-1605-466b-9e13-a107d38afcb0", "size_total": 494512128, "block_total": 482922, "mount": "/boot", "block_available": 396719, "size_available": 406240256, "fstype": "ext2", "inode_total": 124928, "options": "rw,relatime,block_validity,barrier,user_xattr,acl", "device": "/dev/sda1", "inode_used": 303, "block_size": 1024, "inode_available": 124625}, {"block_used": 5639380, "uuid": "96bf8aec-434f-4bc9-8db9-1e4fed478197", "size_total": 50088701952, "block_total": 12228687, "mount": "/", "block_available": 6589307, "size_available": 26989801472, "fstype": "ext4", "inode_total": 3115056, "options": "rw,relatime,errors=remount-ro,data=ordered", "device": "/dev/mapper/mint--vg-root", "inode_used": 635368, "block_size": 4096, "inode_available": 2479688}], "ansible_nodename": "vipicm-VirtualBox", "ansible_domain": "", "ansible_distribution_file_path": "/etc/os-release", "ansible_virtualization_type": "virtualbox", "ansible_ssh_host_key_ed25519_public": "AAAAC3NzaC1lZDI1NTE5AAAAIAM6oiPeh1PFi1kSXDIHhpYUUyeEHMde6mDVhMKKlpXX", "ansible_processor_cores": 1, "ansible_bios_version": "VirtualBox", "ansible_date_time": {"weekday_number": "4", "iso8601_basic_short": "20190620T192749", "tz": "IST", "weeknumber": "24", "hour": "19", "year": "2019", "minute": "27", "tz_offset": "+0530", "month": "06", "epoch": "1561039069", "iso8601_micro": "2019-06-20T13:57:49.283129Z", "weekday": "Thursday", "time": "19:27:49", "date": "2019-06-20", "iso8601": "2019-06-20T13:57:49Z", "day": "20", "iso8601_basic": "20190620T192749283043", "second": "49"}, "ansible_distribution_release": "xenial", "ansible_os_family": "Debian", "ansible_effective_user_id": 1000, "ansible_system": "Linux", "ansible_devices": {"ram14": {"scheduler_mode": "", "rotational": "1", "vendor": null, "sectors": "131072", "links": {"masters": [], "labels": [], "ids": [], "uuids": []}, "sas_device_handle": null, "sas_address": null, "virtual": 1, "host": "", "sectorsize": "512", "removable": "0", "support_discard": "4096", "model": null, "partitions": {}, "holders": [], "size": "64.00 MB"}, "ram15": {"scheduler_mode": "", "rotational": "1", "vendor": null, "sectors": "131072", "links": {"masters": [], "labels": [], "ids": [], "uuids": []}, "sas_device_handle": null, "sas_address": null, "virtual": 1, "host": "", "sectorsize": "512", "removable": "0", "support_discard": "4096", "model": null, "partitions": {}, "holders": [], "size": "64.00 MB"}, "ram12": {"scheduler_mode": "", "rotational": "1", "vendor": null, "sectors": "131072", "links": {"masters": [], "labels": [], "ids": [], "uuids": []}, "sas_device_handle": null, "sas_address": null, "virtual": 1, "host": "", "sectorsize": "512", "removable": "0", "support_discard": "4096", "model": null, "partitions": {}, "holders": [], "size": "64.00 MB"}, "ram13": {"scheduler_mode": "", "rotational": "1", "vendor": null, "sectors": "131072", "links": {"masters": [], "labels": [], "ids": [], "uuids": []}, "sas_device_handle": null, "sas_address": null, "virtual": 1, "host": "", "sectorsize": "512", "removable": "0", "support_discard": "4096", "model": null, "partitions": {}, "holders": [], "size": "64.00 MB"}, "ram10": {"scheduler_mode": "", "rotational": "1", "vendor": null, "sectors": "131072", "links": {"masters": [], "labels": [], "ids": [], "uuids": []}, "sas_device_handle": null, "sas_address": null, "virtual": 1, "host": "", "sectorsize": "512", "removable": "0", "support_discard": "4096", "model": null, "partitions": {}, "holders": [], "size": "64.00 MB"}, "ram11": {"scheduler_mode": "", "rotational": "1", "vendor": null, "sectors": "131072", "links": {"masters": [], "labels": [], "ids": [], "uuids": []}, "sas_device_handle": null, "sas_address": null, "virtual": 1, "host": "", "sectorsize": "512", "removable": "0", "support_discard": "4096", "model": null, "partitions": {}, "holders": [], "size": "64.00 MB"}, "ram8": {"scheduler_mode": "", "rotational": "1", "vendor": null, "sectors": "131072", "links": {"masters": [], "labels": [], "ids": [], "uuids": []}, "sas_device_handle": null, "sas_address": null, "virtual": 1, "host": "", "sectorsize": "512", "removable": "0", "support_discard": "4096", "model": null, "partitions": {}, "holders": [], "size": "64.00 MB"}, "ram9": {"scheduler_mode": "", "rotational": "1", "vendor": null, "sectors": "131072", "links": {"masters": [], "labels": [], "ids": [], "uuids": []}, "sas_device_handle": null, "sas_address": null, "virtual": 1, "host": "", "sectorsize": "512", "removable": "0", "support_discard": "4096", "model": null, "partitions": {}, "holders": [], "size": "64.00 MB"}, "ram4": {"scheduler_mode": "", "rotational": "1", "vendor": null, "sectors": "131072", "links": {"masters": [], "labels": [], "ids": [], "uuids": []}, "sas_device_handle": null, "sas_address": null, "virtual": 1, "host": "", "sectorsize": "512", "removable": "0", "support_discard": "4096", "model": null, "partitions": {}, "holders": [], "size": "64.00 MB"}, "ram5": {"scheduler_mode": "", "rotational": "1", "vendor": null, "sectors": "131072", "links": {"masters": [], "labels": [], "ids": [], "uuids": []}, "sas_device_handle": null, "sas_address": null, "virtual": 1, "host": "", "sectorsize": "512", "removable": "0", "support_discard": "4096", "model": null, "partitions": {}, "holders": [], "size": "64.00 MB"}, "ram6": {"scheduler_mode": "", "rotational": "1", "vendor": null, "sectors": "131072", "links": {"masters": [], "labels": [], "ids": [], "uuids": []}, "sas_device_handle": null, "sas_address": null, "virtual": 1, "host": "", "sectorsize": "512", "removable": "0", "support_discard": "4096", "model": null, "partitions": {}, "holders": [], "size": "64.00 MB"}, "ram7": {"scheduler_mode": "", "rotational": "1", "vendor": null, "sectors": "131072", "links": {"masters": [], "labels": [], "ids": [], "uuids": []}, "sas_device_handle": null, "sas_address": null, "virtual": 1, "host": "", "sectorsize": "512", "removable": "0", "support_discard": "4096", "model": null, "partitions": {}, "holders": [], "size": "64.00 MB"}, "ram0": {"scheduler_mode": "", "rotational": "1", "vendor": null, "sectors": "131072", "links": {"masters": [], "labels": [], "ids": [], "uuids": []}, "sas_device_handle": null, "sas_address": null, "virtual": 1, "host": "", "sectorsize": "512", "removable": "0", "support_discard": "4096", "model": null, "partitions": {}, "holders": [], "size": "64.00 MB"}, "ram1": {"scheduler_mode": "", "rotational": "1", "vendor": null, "sectors": "131072", "links": {"masters": [], "labels": [], "ids": [], "uuids": []}, "sas_device_handle": null, "sas_address": null, "virtual": 1, "host": "", "sectorsize": "512", "removable": "0", "support_discard": "4096", "model": null, "partitions": {}, "holders": [], "size": "64.00 MB"}, "ram2": {"scheduler_mode": "", "rotational": "1", "vendor": null, "sectors": "131072", "links": {"masters": [], "labels": [], "ids": [], "uuids": []}, "sas_device_handle": null, "sas_address": null, "virtual": 1, "host": "", "sectorsize": "512", "removable": "0", "support_discard": "4096", "model": null, "partitions": {}, "holders": [], "size": "64.00 MB"}, "ram3": {"scheduler_mode": "", "rotational": "1", "vendor": null, "sectors": "131072", "links": {"masters": [], "labels": [], "ids": [], "uuids": []}, "sas_device_handle": null, "sas_address": null, "virtual": 1, "host": "", "sectorsize": "512", "removable": "0", "support_discard": "4096", "model": null, "partitions": {}, "holders": [], "size": "64.00 MB"}, "sr0": {"scheduler_mode": "deadline", "rotational": "1", "vendor": "VBOX", "sectors": "2097151", "links": {"masters": [], "labels": [], "ids": ["ata-VBOX_CD-ROM_VB2-01700376"], "uuids": []}, "sas_device_handle": null, "sas_address": null, "virtual": 1, "host": "IDE interface: Intel Corporation 82371AB/EB/MB PIIX4 IDE (rev 01)", "sectorsize": "512", "removable": "1", "support_discard": "0", "model": "CD-ROM", "partitions": {}, "holders": [], "size": "1024.00 MB"}, "dm-0": {"scheduler_mode": "", "rotational": "1", "vendor": null, "sectors": "99655680", "links": {"masters": [], "labels": [], "ids": ["dm-name-mint--vg-root", "dm-uuid-LVM-1zxcoHkArztjhwYW6zRsNynlHOPmAelfUvQxwwFTlIPE3MGHlIc3giY3XHJLDtGN"], "uuids": ["96bf8aec-434f-4bc9-8db9-1e4fed478197"]}, "sas_device_handle": null, "sas_address": null, "virtual": 1, "host": "", "sectorsize": "512", "removable": "0", "support_discard": "0", "model": null, "partitions": {}, "holders": [], "size": "47.52 GB"}, "dm-1": {"scheduler_mode": "", "rotational": "1", "vendor": null, "sectors": "4194304", "links": {"masters": [], "labels": [], "ids": ["dm-name-mint--vg-swap_1", "dm-uuid-LVM-1zxcoHkArztjhwYW6zRsNynlHOPmAelfmagX0jeThPRRVE8q25NiGFZkcHBN3axq"], "uuids": ["15f2add0-e2fe-4e7f-b039-64a78fa1ad2e"]}, "sas_device_handle": null, "sas_address": null, "virtual": 1, "host": "", "sectorsize": "512", "removable": "0", "support_discard": "0", "model": null, "partitions": {}, "holders": [], "size": "2.00 GB"}, "sda": {"scheduler_mode": "deadline", "rotational": "1", "vendor": "ATA", "sectors": "104857600", "links": {"masters": [], "labels": [], "ids": ["ata-VBOX_HARDDISK_VBd9169e62-3143a428"], "uuids": []}, "sas_device_handle": null, "sas_address": null, "virtual": 1, "host": "SATA controller: Intel Corporation 82801HM/HEM (ICH8M/ICH8M-E) SATA Controller [AHCI mode] (rev 02)", "sectorsize": "512", "removable": "0", "support_discard": "0", "model": "VBOX HARDDISK", "partitions": {"sda5": {"sectorsize": 512, "uuid": null, "links": {"masters": ["dm-0", "dm-1"], "labels": [], "ids": ["ata-VBOX_HARDDISK_VBd9169e62-3143a428-part5", "lvm-pv-uuid-jKUlLR-Ldms-R9dH-h9ah-kc44-vYYH-ldXOGj"], "uuids": []}, "sectors": "103854080", "start": "1001472", "holders": ["mint--vg-root", "mint--vg-swap_1"], "size": "49.52 GB"}, "sda2": {"sectorsize": 512, "uuid": null, "links": {"masters": [], "labels": [], "ids": ["ata-VBOX_HARDDISK_VBd9169e62-3143a428-part2"], "uuids": []}, "sectors": "2", "start": "1001470", "holders": [], "size": "1.00 KB"}, "sda1": {"sectorsize": 512, "uuid": "fe2b046b-1605-466b-9e13-a107d38afcb0", "links": {"masters": [], "labels": [], "ids": ["ata-VBOX_HARDDISK_VBd9169e62-3143a428-part1"], "uuids": ["fe2b046b-1605-466b-9e13-a107d38afcb0"]}, "sectors": "997376", "start": "2048", "holders": [], "size": "487.00 MB"}}, "holders": [], "size": "50.00 GB"}, "loop3": {"scheduler_mode": "", "rotational": "1", "vendor": null, "sectors": "0", "links": {"masters": [], "labels": [], "ids": [], "uuids": []}, "sas_device_handle": null, "sas_address": null, "virtual": 1, "host": "", "sectorsize": "512", "removable": "0", "support_discard": "0", "model": null, "partitions": {}, "holders": [], "size": "0.00 Bytes"}, "loop2": {"scheduler_mode": "", "rotational": "1", "vendor": null, "sectors": "0", "links": {"masters": [], "labels": [], "ids": [], "uuids": []}, "sas_device_handle": null, "sas_address": null, "virtual": 1, "host": "", "sectorsize": "512", "removable": "0", "support_discard": "0", "model": null, "partitions": {}, "holders": [], "size": "0.00 Bytes"}, "loop1": {"scheduler_mode": "", "rotational": "1", "vendor": null, "sectors": "0", "links": {"masters": [], "labels": [], "ids": [], "uuids": []}, "sas_device_handle": null, "sas_address": null, "virtual": 1, "host": "", "sectorsize": "512", "removable": "0", "support_discard": "0", "model": null, "partitions": {}, "holders": [], "size": "0.00 Bytes"}, "loop0": {"scheduler_mode": "", "rotational": "1", "vendor": null, "sectors": "0", "links": {"masters": [], "labels": [], "ids": [], "uuids": []}, "sas_device_handle": null, "sas_address": null, "virtual": 1, "host": "", "sectorsize": "512", "removable": "0", "support_discard": "0", "model": null, "partitions": {}, "holders": [], "size": "0.00 Bytes"}, "loop7": {"scheduler_mode": "", "rotational": "1", "vendor": null, "sectors": "0", "links": {"masters": [], "labels": [], "ids": [], "uuids": []}, "sas_device_handle": null, "sas_address": null, "virtual": 1, "host": "", "sectorsize": "512", "removable": "0", "support_discard": "0", "model": null, "partitions": {}, "holders": [], "size": "0.00 Bytes"}, "loop6": {"scheduler_mode": "", "rotational": "1", "vendor": null, "sectors": "0", "links": {"masters": [], "labels": [], "ids": [], "uuids": []}, "sas_device_handle": null, "sas_address": null, "virtual": 1, "host": "", "sectorsize": "512", "removable": "0", "support_discard": "0", "model": null, "partitions": {}, "holders": [], "size": "0.00 Bytes"}, "loop5": {"scheduler_mode": "", "rotational": "1", "vendor": null, "sectors": "0", "links": {"masters": [], "labels": [], "ids": [], "uuids": []}, "sas_device_handle": null, "sas_address": null, "virtual": 1, "host": "", "sectorsize": "512", "removable": "0", "support_discard": "0", "model": null, "partitions": {}, "holders": [], "size": "0.00 Bytes"}, "loop4": {"scheduler_mode": "", "rotational": "1", "vendor": null, "sectors": "0", "links": {"masters": [], "labels": [], "ids": [], "uuids": []}, "sas_device_handle": null, "sas_address": null, "virtual": 1, "host": "", "sectorsize": "512", "removable": "0", "support_discard": "0", "model": null, "partitions": {}, "holders": [], "size": "0.00 Bytes"}}, "ansible_user_uid": 1000, "ansible_ssh_host_key_dsa_public": "AAAAB3NzaC1kc3MAAACBANH2I5qozsySvx8pn2vULkqlgu/TT4ZXZWx3jECrGmLhsLYISz0iEoR8t9CfYdafDOdLM98/NnXtXX6+yJ6cY6/uf+855ePB0+p2t8przKHmObd6m6SxghNTNwa0fcxC654uwA+E5Mu4IlXjciIUYwV2UQ7YCkP9wQmJUW2MZSexAAAAFQCMTRlFRrYNraXmpINabW7gddrBYQAAAIBeTnImaei7NTy2XcUPj5Cbn6PwpdcNkI6rpbAyDXgxMmMavaoIW4vofKq7OBzHlvcX4t2KnQ2+YMR0x8VZH+HMFEl1xw9MTKWJy+gYUeF4qx1Sjxk2MmEc8I3pDOjXYlPkeOAvelOCKXutRYzfYZWzViZ+PczbVKAe/rdd3x7QWwAAAIBY/7BS2lSWb72J/jblUpwB8TIKXT3XG92Wsnt+pMSg02LIFyCi9MaLoCL2SYb+YmC3HmJpAgdGqsJWAONSCiUDHlJOmDjov9MQVTNG3Mq4qv5ltufadoFjLd6NX5l8aG6nZ+xNl1um/7EtEf1862XkRusP55bkYi1Nhh6qac2oaQ==", "ansible_bios_date": "12/01/2006", "ansible_system_capabilities": [""]}}\r\n', 'Connection to localhost closed.\r\n')
2019-06-20 19:27:49,581 p=2903 u=vipicm |  ok: [localhost] => {
    "ansible_facts": {
        "ansible_all_ipv4_addresses": [
            "10.0.2.4", 
            "172.17.0.1"
        ], 
        "ansible_all_ipv6_addresses": [
            "fe80::fa9b:7d2:1c2c:583d"
        ], 
        "ansible_apparmor": {
            "status": "enabled"
        }, 
        "ansible_architecture": "x86_64", 
        "ansible_bios_date": "12/01/2006", 
        "ansible_bios_version": "VirtualBox", 
        "ansible_cmdline": {
            "BOOT_IMAGE": "/vmlinuz-4.4.0-21-generic", 
            "quiet": true, 
            "ro": true, 
            "root": "/dev/mapper/mint--vg-root", 
            "splash": true
        }, 
        "ansible_date_time": {
            "date": "2019-06-20", 
            "day": "20", 
            "epoch": "1561039069", 
            "hour": "19", 
            "iso8601": "2019-06-20T13:57:49Z", 
            "iso8601_basic": "20190620T192749283043", 
            "iso8601_basic_short": "20190620T192749", 
            "iso8601_micro": "2019-06-20T13:57:49.283129Z", 
            "minute": "27", 
            "month": "06", 
            "second": "49", 
            "time": "19:27:49", 
            "tz": "IST", 
            "tz_offset": "+0530", 
            "weekday": "Thursday", 
            "weekday_number": "4", 
            "weeknumber": "24", 
            "year": "2019"
        }, 
        "ansible_default_ipv4": {
            "address": "10.0.2.4", 
            "alias": "enp0s3", 
            "broadcast": "10.0.2.255", 
            "gateway": "10.0.2.1", 
            "interface": "enp0s3", 
            "macaddress": "08:00:27:c9:b8:7b", 
            "mtu": 1500, 
            "netmask": "255.255.255.0", 
            "network": "10.0.2.0", 
            "type": "ether"
        }, 
        "ansible_default_ipv6": {}, 
        "ansible_device_links": {
            "ids": {
                "dm-0": [
                    "dm-name-mint--vg-root", 
                    "dm-uuid-LVM-1zxcoHkArztjhwYW6zRsNynlHOPmAelfUvQxwwFTlIPE3MGHlIc3giY3XHJLDtGN"
                ], 
                "dm-1": [
                    "dm-name-mint--vg-swap_1", 
                    "dm-uuid-LVM-1zxcoHkArztjhwYW6zRsNynlHOPmAelfmagX0jeThPRRVE8q25NiGFZkcHBN3axq"
                ], 
                "sda": [
                    "ata-VBOX_HARDDISK_VBd9169e62-3143a428"
                ], 
                "sda1": [
                    "ata-VBOX_HARDDISK_VBd9169e62-3143a428-part1"
                ], 
                "sda2": [
                    "ata-VBOX_HARDDISK_VBd9169e62-3143a428-part2"
                ], 
                "sda5": [
                    "ata-VBOX_HARDDISK_VBd9169e62-3143a428-part5", 
                    "lvm-pv-uuid-jKUlLR-Ldms-R9dH-h9ah-kc44-vYYH-ldXOGj"
                ], 
                "sr0": [
                    "ata-VBOX_CD-ROM_VB2-01700376"
                ]
            }, 
            "labels": {}, 
            "masters": {
                "sda5": [
                    "dm-0", 
                    "dm-1"
                ]
            }, 
            "uuids": {
                "dm-0": [
                    "96bf8aec-434f-4bc9-8db9-1e4fed478197"
                ], 
                "dm-1": [
                    "15f2add0-e2fe-4e7f-b039-64a78fa1ad2e"
                ], 
                "sda1": [
                    "fe2b046b-1605-466b-9e13-a107d38afcb0"
                ]
            }
        }, 
        "ansible_devices": {
            "dm-0": {
                "holders": [], 
                "host": "", 
                "links": {
                    "ids": [
                        "dm-name-mint--vg-root", 
                        "dm-uuid-LVM-1zxcoHkArztjhwYW6zRsNynlHOPmAelfUvQxwwFTlIPE3MGHlIc3giY3XHJLDtGN"
                    ], 
                    "labels": [], 
                    "masters": [], 
                    "uuids": [
                        "96bf8aec-434f-4bc9-8db9-1e4fed478197"
                    ]
                }, 
                "model": null, 
                "partitions": {}, 
                "removable": "0", 
                "rotational": "1", 
                "sas_address": null, 
                "sas_device_handle": null, 
                "scheduler_mode": "", 
                "sectors": "99655680", 
                "sectorsize": "512", 
                "size": "47.52 GB", 
                "support_discard": "0", 
                "vendor": null, 
                "virtual": 1
            }, 
            "dm-1": {
                "holders": [], 
                "host": "", 
                "links": {
                    "ids": [
                        "dm-name-mint--vg-swap_1", 
                        "dm-uuid-LVM-1zxcoHkArztjhwYW6zRsNynlHOPmAelfmagX0jeThPRRVE8q25NiGFZkcHBN3axq"
                    ], 
                    "labels": [], 
                    "masters": [], 
                    "uuids": [
                        "15f2add0-e2fe-4e7f-b039-64a78fa1ad2e"
                    ]
                }, 
                "model": null, 
                "partitions": {}, 
                "removable": "0", 
                "rotational": "1", 
                "sas_address": null, 
                "sas_device_handle": null, 
                "scheduler_mode": "", 
                "sectors": "4194304", 
                "sectorsize": "512", 
                "size": "2.00 GB", 
                "support_discard": "0", 
                "vendor": null, 
                "virtual": 1
            }, 
            "loop0": {
                "holders": [], 
                "host": "", 
                "links": {
                    "ids": [], 
                    "labels": [], 
                    "masters": [], 
                    "uuids": []
                }, 
                "model": null, 
                "partitions": {}, 
                "removable": "0", 
                "rotational": "1", 
                "sas_address": null, 
                "sas_device_handle": null, 
                "scheduler_mode": "", 
                "sectors": "0", 
                "sectorsize": "512", 
                "size": "0.00 Bytes", 
                "support_discard": "0", 
                "vendor": null, 
                "virtual": 1
            }, 
            "loop1": {
                "holders": [], 
                "host": "", 
                "links": {
                    "ids": [], 
                    "labels": [], 
                    "masters": [], 
                    "uuids": []
                }, 
                "model": null, 
                "partitions": {}, 
                "removable": "0", 
                "rotational": "1", 
                "sas_address": null, 
                "sas_device_handle": null, 
                "scheduler_mode": "", 
                "sectors": "0", 
                "sectorsize": "512", 
                "size": "0.00 Bytes", 
                "support_discard": "0", 
                "vendor": null, 
                "virtual": 1
            }, 
            "loop2": {
                "holders": [], 
                "host": "", 
                "links": {
                    "ids": [], 
                    "labels": [], 
                    "masters": [], 
                    "uuids": []
                }, 
                "model": null, 
                "partitions": {}, 
                "removable": "0", 
                "rotational": "1", 
                "sas_address": null, 
                "sas_device_handle": null, 
                "scheduler_mode": "", 
                "sectors": "0", 
                "sectorsize": "512", 
                "size": "0.00 Bytes", 
                "support_discard": "0", 
                "vendor": null, 
                "virtual": 1
            }, 
            "loop3": {
                "holders": [], 
                "host": "", 
                "links": {
                    "ids": [], 
                    "labels": [], 
                    "masters": [], 
                    "uuids": []
                }, 
                "model": null, 
                "partitions": {}, 
                "removable": "0", 
                "rotational": "1", 
                "sas_address": null, 
                "sas_device_handle": null, 
                "scheduler_mode": "", 
                "sectors": "0", 
                "sectorsize": "512", 
                "size": "0.00 Bytes", 
                "support_discard": "0", 
                "vendor": null, 
                "virtual": 1
            }, 
            "loop4": {
                "holders": [], 
                "host": "", 
                "links": {
                    "ids": [], 
                    "labels": [], 
                    "masters": [], 
                    "uuids": []
                }, 
                "model": null, 
                "partitions": {}, 
                "removable": "0", 
                "rotational": "1", 
                "sas_address": null, 
                "sas_device_handle": null, 
                "scheduler_mode": "", 
                "sectors": "0", 
                "sectorsize": "512", 
                "size": "0.00 Bytes", 
                "support_discard": "0", 
                "vendor": null, 
                "virtual": 1
            }, 
            "loop5": {
                "holders": [], 
                "host": "", 
                "links": {
                    "ids": [], 
                    "labels": [], 
                    "masters": [], 
                    "uuids": []
                }, 
                "model": null, 
                "partitions": {}, 
                "removable": "0", 
                "rotational": "1", 
                "sas_address": null, 
                "sas_device_handle": null, 
                "scheduler_mode": "", 
                "sectors": "0", 
                "sectorsize": "512", 
                "size": "0.00 Bytes", 
                "support_discard": "0", 
                "vendor": null, 
                "virtual": 1
            }, 
            "loop6": {
                "holders": [], 
                "host": "", 
                "links": {
                    "ids": [], 
                    "labels": [], 
                    "masters": [], 
                    "uuids": []
                }, 
                "model": null, 
                "partitions": {}, 
                "removable": "0", 
                "rotational": "1", 
                "sas_address": null, 
                "sas_device_handle": null, 
                "scheduler_mode": "", 
                "sectors": "0", 
                "sectorsize": "512", 
                "size": "0.00 Bytes", 
                "support_discard": "0", 
                "vendor": null, 
                "virtual": 1
            }, 
            "loop7": {
                "holders": [], 
                "host": "", 
                "links": {
                    "ids": [], 
                    "labels": [], 
                    "masters": [], 
                    "uuids": []
                }, 
                "model": null, 
                "partitions": {}, 
                "removable": "0", 
                "rotational": "1", 
                "sas_address": null, 
                "sas_device_handle": null, 
                "scheduler_mode": "", 
                "sectors": "0", 
                "sectorsize": "512", 
                "size": "0.00 Bytes", 
                "support_discard": "0", 
                "vendor": null, 
                "virtual": 1
            }, 
            "ram0": {
                "holders": [], 
                "host": "", 
                "links": {
                    "ids": [], 
                    "labels": [], 
                    "masters": [], 
                    "uuids": []
                }, 
                "model": null, 
                "partitions": {}, 
                "removable": "0", 
                "rotational": "1", 
                "sas_address": null, 
                "sas_device_handle": null, 
                "scheduler_mode": "", 
                "sectors": "131072", 
                "sectorsize": "512", 
                "size": "64.00 MB", 
                "support_discard": "4096", 
                "vendor": null, 
                "virtual": 1
            }, 
            "ram1": {
                "holders": [], 
                "host": "", 
                "links": {
                    "ids": [], 
                    "labels": [], 
                    "masters": [], 
                    "uuids": []
                }, 
                "model": null, 
                "partitions": {}, 
                "removable": "0", 
                "rotational": "1", 
                "sas_address": null, 
                "sas_device_handle": null, 
                "scheduler_mode": "", 
                "sectors": "131072", 
                "sectorsize": "512", 
                "size": "64.00 MB", 
                "support_discard": "4096", 
                "vendor": null, 
                "virtual": 1
            }, 
            "ram10": {
                "holders": [], 
                "host": "", 
                "links": {
                    "ids": [], 
                    "labels": [], 
                    "masters": [], 
                    "uuids": []
                }, 
                "model": null, 
                "partitions": {}, 
                "removable": "0", 
                "rotational": "1", 
                "sas_address": null, 
                "sas_device_handle": null, 
                "scheduler_mode": "", 
                "sectors": "131072", 
                "sectorsize": "512", 
                "size": "64.00 MB", 
                "support_discard": "4096", 
                "vendor": null, 
                "virtual": 1
            }, 
            "ram11": {
                "holders": [], 
                "host": "", 
                "links": {
                    "ids": [], 
                    "labels": [], 
                    "masters": [], 
                    "uuids": []
                }, 
                "model": null, 
                "partitions": {}, 
                "removable": "0", 
                "rotational": "1", 
                "sas_address": null, 
                "sas_device_handle": null, 
                "scheduler_mode": "", 
                "sectors": "131072", 
                "sectorsize": "512", 
                "size": "64.00 MB", 
                "support_discard": "4096", 
                "vendor": null, 
                "virtual": 1
            }, 
            "ram12": {
                "holders": [], 
                "host": "", 
                "links": {
                    "ids": [], 
                    "labels": [], 
                    "masters": [], 
                    "uuids": []
                }, 
                "model": null, 
                "partitions": {}, 
                "removable": "0", 
                "rotational": "1", 
                "sas_address": null, 
                "sas_device_handle": null, 
                "scheduler_mode": "", 
                "sectors": "131072", 
                "sectorsize": "512", 
                "size": "64.00 MB", 
                "support_discard": "4096", 
                "vendor": null, 
                "virtual": 1
            }, 
            "ram13": {
                "holders": [], 
                "host": "", 
                "links": {
                    "ids": [], 
                    "labels": [], 
                    "masters": [], 
                    "uuids": []
                }, 
                "model": null, 
                "partitions": {}, 
                "removable": "0", 
                "rotational": "1", 
                "sas_address": null, 
                "sas_device_handle": null, 
                "scheduler_mode": "", 
                "sectors": "131072", 
                "sectorsize": "512", 
                "size": "64.00 MB", 
                "support_discard": "4096", 
                "vendor": null, 
                "virtual": 1
            }, 
            "ram14": {
                "holders": [], 
                "host": "", 
                "links": {
                    "ids": [], 
                    "labels": [], 
                    "masters": [], 
                    "uuids": []
                }, 
                "model": null, 
                "partitions": {}, 
                "removable": "0", 
                "rotational": "1", 
                "sas_address": null, 
                "sas_device_handle": null, 
                "scheduler_mode": "", 
                "sectors": "131072", 
                "sectorsize": "512", 
                "size": "64.00 MB", 
                "support_discard": "4096", 
                "vendor": null, 
                "virtual": 1
            }, 
            "ram15": {
                "holders": [], 
                "host": "", 
                "links": {
                    "ids": [], 
                    "labels": [], 
                    "masters": [], 
                    "uuids": []
                }, 
                "model": null, 
                "partitions": {}, 
                "removable": "0", 
                "rotational": "1", 
                "sas_address": null, 
                "sas_device_handle": null, 
                "scheduler_mode": "", 
                "sectors": "131072", 
                "sectorsize": "512", 
                "size": "64.00 MB", 
                "support_discard": "4096", 
                "vendor": null, 
                "virtual": 1
            }, 
            "ram2": {
                "holders": [], 
                "host": "", 
                "links": {
                    "ids": [], 
                    "labels": [], 
                    "masters": [], 
                    "uuids": []
                }, 
                "model": null, 
                "partitions": {}, 
                "removable": "0", 
                "rotational": "1", 
                "sas_address": null, 
                "sas_device_handle": null, 
                "scheduler_mode": "", 
                "sectors": "131072", 
                "sectorsize": "512", 
                "size": "64.00 MB", 
                "support_discard": "4096", 
                "vendor": null, 
                "virtual": 1
            }, 
            "ram3": {
                "holders": [], 
                "host": "", 
                "links": {
                    "ids": [], 
                    "labels": [], 
                    "masters": [], 
                    "uuids": []
                }, 
                "model": null, 
                "partitions": {}, 
                "removable": "0", 
                "rotational": "1", 
                "sas_address": null, 
                "sas_device_handle": null, 
                "scheduler_mode": "", 
                "sectors": "131072", 
                "sectorsize": "512", 
                "size": "64.00 MB", 
                "support_discard": "4096", 
                "vendor": null, 
                "virtual": 1
            }, 
            "ram4": {
                "holders": [], 
                "host": "", 
                "links": {
                    "ids": [], 
                    "labels": [], 
                    "masters": [], 
                    "uuids": []
                }, 
                "model": null, 
                "partitions": {}, 
                "removable": "0", 
                "rotational": "1", 
                "sas_address": null, 
                "sas_device_handle": null, 
                "scheduler_mode": "", 
                "sectors": "131072", 
                "sectorsize": "512", 
                "size": "64.00 MB", 
                "support_discard": "4096", 
                "vendor": null, 
                "virtual": 1
            }, 
            "ram5": {
                "holders": [], 
                "host": "", 
                "links": {
                    "ids": [], 
                    "labels": [], 
                    "masters": [], 
                    "uuids": []
                }, 
                "model": null, 
                "partitions": {}, 
                "removable": "0", 
                "rotational": "1", 
                "sas_address": null, 
                "sas_device_handle": null, 
                "scheduler_mode": "", 
                "sectors": "131072", 
                "sectorsize": "512", 
                "size": "64.00 MB", 
                "support_discard": "4096", 
                "vendor": null, 
                "virtual": 1
            }, 
            "ram6": {
                "holders": [], 
                "host": "", 
                "links": {
                    "ids": [], 
                    "labels": [], 
                    "masters": [], 
                    "uuids": []
                }, 
                "model": null, 
                "partitions": {}, 
                "removable": "0", 
                "rotational": "1", 
                "sas_address": null, 
                "sas_device_handle": null, 
                "scheduler_mode": "", 
                "sectors": "131072", 
                "sectorsize": "512", 
                "size": "64.00 MB", 
                "support_discard": "4096", 
                "vendor": null, 
                "virtual": 1
            }, 
            "ram7": {
                "holders": [], 
                "host": "", 
                "links": {
                    "ids": [], 
                    "labels": [], 
                    "masters": [], 
                    "uuids": []
                }, 
                "model": null, 
                "partitions": {}, 
                "removable": "0", 
                "rotational": "1", 
                "sas_address": null, 
                "sas_device_handle": null, 
                "scheduler_mode": "", 
                "sectors": "131072", 
                "sectorsize": "512", 
                "size": "64.00 MB", 
                "support_discard": "4096", 
                "vendor": null, 
                "virtual": 1
            }, 
            "ram8": {
                "holders": [], 
                "host": "", 
                "links": {
                    "ids": [], 
                    "labels": [], 
                    "masters": [], 
                    "uuids": []
                }, 
                "model": null, 
                "partitions": {}, 
                "removable": "0", 
                "rotational": "1", 
                "sas_address": null, 
                "sas_device_handle": null, 
                "scheduler_mode": "", 
                "sectors": "131072", 
                "sectorsize": "512", 
                "size": "64.00 MB", 
                "support_discard": "4096", 
                "vendor": null, 
                "virtual": 1
            }, 
            "ram9": {
                "holders": [], 
                "host": "", 
                "links": {
                    "ids": [], 
                    "labels": [], 
                    "masters": [], 
                    "uuids": []
                }, 
                "model": null, 
                "partitions": {}, 
                "removable": "0", 
                "rotational": "1", 
                "sas_address": null, 
                "sas_device_handle": null, 
                "scheduler_mode": "", 
                "sectors": "131072", 
                "sectorsize": "512", 
                "size": "64.00 MB", 
                "support_discard": "4096", 
                "vendor": null, 
                "virtual": 1
            }, 
            "sda": {
                "holders": [], 
                "host": "SATA controller: Intel Corporation 82801HM/HEM (ICH8M/ICH8M-E) SATA Controller [AHCI mode] (rev 02)", 
                "links": {
                    "ids": [
                        "ata-VBOX_HARDDISK_VBd9169e62-3143a428"
                    ], 
                    "labels": [], 
                    "masters": [], 
                    "uuids": []
                }, 
                "model": "VBOX HARDDISK", 
                "partitions": {
                    "sda1": {
                        "holders": [], 
                        "links": {
                            "ids": [
                                "ata-VBOX_HARDDISK_VBd9169e62-3143a428-part1"
                            ], 
                            "labels": [], 
                            "masters": [], 
                            "uuids": [
                                "fe2b046b-1605-466b-9e13-a107d38afcb0"
                            ]
                        }, 
                        "sectors": "997376", 
                        "sectorsize": 512, 
                        "size": "487.00 MB", 
                        "start": "2048", 
                        "uuid": "fe2b046b-1605-466b-9e13-a107d38afcb0"
                    }, 
                    "sda2": {
                        "holders": [], 
                        "links": {
                            "ids": [
                                "ata-VBOX_HARDDISK_VBd9169e62-3143a428-part2"
                            ], 
                            "labels": [], 
                            "masters": [], 
                            "uuids": []
                        }, 
                        "sectors": "2", 
                        "sectorsize": 512, 
                        "size": "1.00 KB", 
                        "start": "1001470", 
                        "uuid": null
                    }, 
                    "sda5": {
                        "holders": [
                            "mint--vg-root", 
                            "mint--vg-swap_1"
                        ], 
                        "links": {
                            "ids": [
                                "ata-VBOX_HARDDISK_VBd9169e62-3143a428-part5", 
                                "lvm-pv-uuid-jKUlLR-Ldms-R9dH-h9ah-kc44-vYYH-ldXOGj"
                            ], 
                            "labels": [], 
                            "masters": [
                                "dm-0", 
                                "dm-1"
                            ], 
                            "uuids": []
                        }, 
                        "sectors": "103854080", 
                        "sectorsize": 512, 
                        "size": "49.52 GB", 
                        "start": "1001472", 
                        "uuid": null
                    }
                }, 
                "removable": "0", 
                "rotational": "1", 
                "sas_address": null, 
                "sas_device_handle": null, 
                "scheduler_mode": "deadline", 
                "sectors": "104857600", 
                "sectorsize": "512", 
                "size": "50.00 GB", 
                "support_discard": "0", 
                "vendor": "ATA", 
                "virtual": 1
            }, 
            "sr0": {
                "holders": [], 
                "host": "IDE interface: Intel Corporation 82371AB/EB/MB PIIX4 IDE (rev 01)", 
                "links": {
                    "ids": [
                        "ata-VBOX_CD-ROM_VB2-01700376"
                    ], 
                    "labels": [], 
                    "masters": [], 
                    "uuids": []
                }, 
                "model": "CD-ROM", 
                "partitions": {}, 
                "removable": "1", 
                "rotational": "1", 
                "sas_address": null, 
                "sas_device_handle": null, 
                "scheduler_mode": "deadline", 
                "sectors": "2097151", 
                "sectorsize": "512", 
                "size": "1024.00 MB", 
                "support_discard": "0", 
                "vendor": "VBOX", 
                "virtual": 1
            }
        }, 
        "ansible_distribution": "Linux Mint", 
        "ansible_distribution_file_parsed": true, 
        "ansible_distribution_file_path": "/etc/os-release", 
        "ansible_distribution_file_variety": "Debian", 
        "ansible_distribution_major_version": "18", 
        "ansible_distribution_release": "xenial", 
        "ansible_distribution_version": "18", 
        "ansible_dns": {
            "nameservers": [
                "127.0.1.1"
            ]
        }, 
        "ansible_docker0": {
            "active": false, 
            "device": "docker0", 
            "features": {
                "busy_poll": "off [fixed]", 
                "fcoe_mtu": "off [fixed]", 
                "generic_receive_offload": "on", 
                "generic_segmentation_offload": "on", 
                "highdma": "on", 
                "hw_tc_offload": "off [fixed]", 
                "l2_fwd_offload": "off [fixed]", 
                "large_receive_offload": "off [fixed]", 
                "loopback": "off [fixed]", 
                "netns_local": "on [fixed]", 
                "ntuple_filters": "off [fixed]", 
                "receive_hashing": "off [fixed]", 
                "rx_all": "off [fixed]", 
                "rx_checksumming": "off [fixed]", 
                "rx_fcs": "off [fixed]", 
                "rx_vlan_filter": "off [fixed]", 
                "rx_vlan_offload": "off [fixed]", 
                "rx_vlan_stag_filter": "off [fixed]", 
                "rx_vlan_stag_hw_parse": "off [fixed]", 
                "scatter_gather": "on", 
                "tcp_segmentation_offload": "on", 
                "tx_checksum_fcoe_crc": "off [fixed]", 
                "tx_checksum_ip_generic": "on", 
                "tx_checksum_ipv4": "off [fixed]", 
                "tx_checksum_ipv6": "off [fixed]", 
                "tx_checksum_sctp": "off [fixed]", 
                "tx_checksumming": "on", 
                "tx_fcoe_segmentation": "on", 
                "tx_gre_segmentation": "on", 
                "tx_gso_robust": "on", 
                "tx_ipip_segmentation": "on", 
                "tx_lockless": "on [fixed]", 
                "tx_nocache_copy": "off", 
                "tx_scatter_gather": "on", 
                "tx_scatter_gather_fraglist": "on", 
                "tx_sit_segmentation": "on", 
                "tx_tcp6_segmentation": "on", 
                "tx_tcp_ecn_segmentation": "on", 
                "tx_tcp_segmentation": "on", 
                "tx_udp_tnl_segmentation": "on", 
                "tx_vlan_offload": "on", 
                "tx_vlan_stag_hw_insert": "on", 
                "udp_fragmentation_offload": "on", 
                "vlan_challenged": "off [fixed]"
            }, 
            "hw_timestamp_filters": [], 
            "id": "8000.0242ebb32666", 
            "interfaces": [], 
            "ipv4": {
                "address": "172.17.0.1", 
                "broadcast": "172.17.255.255", 
                "netmask": "255.255.0.0", 
                "network": "172.17.0.0"
            }, 
            "macaddress": "02:42:eb:b3:26:66", 
            "mtu": 1500, 
            "promisc": false, 
            "stp": false, 
            "timestamping": [
                "rx_software", 
                "software"
            ], 
            "type": "bridge"
        }, 
        "ansible_domain": "", 
        "ansible_effective_group_id": 1000, 
        "ansible_effective_user_id": 1000, 
        "ansible_enp0s3": {
            "active": true, 
            "device": "enp0s3", 
            "features": {
                "busy_poll": "off [fixed]", 
                "fcoe_mtu": "off [fixed]", 
                "generic_receive_offload": "on", 
                "generic_segmentation_offload": "on", 
                "highdma": "off [fixed]", 
                "hw_tc_offload": "off [fixed]", 
                "l2_fwd_offload": "off [fixed]", 
                "large_receive_offload": "off [fixed]", 
                "loopback": "off [fixed]", 
                "netns_local": "off [fixed]", 
                "ntuple_filters": "off [fixed]", 
                "receive_hashing": "off [fixed]", 
                "rx_all": "off", 
                "rx_checksumming": "off", 
                "rx_fcs": "off", 
                "rx_vlan_filter": "on [fixed]", 
                "rx_vlan_offload": "on", 
                "rx_vlan_stag_filter": "off [fixed]", 
                "rx_vlan_stag_hw_parse": "off [fixed]", 
                "scatter_gather": "on", 
                "tcp_segmentation_offload": "on", 
                "tx_checksum_fcoe_crc": "off [fixed]", 
                "tx_checksum_ip_generic": "on", 
                "tx_checksum_ipv4": "off [fixed]", 
                "tx_checksum_ipv6": "off [fixed]", 
                "tx_checksum_sctp": "off [fixed]", 
                "tx_checksumming": "on", 
                "tx_fcoe_segmentation": "off [fixed]", 
                "tx_gre_segmentation": "off [fixed]", 
                "tx_gso_robust": "off [fixed]", 
                "tx_ipip_segmentation": "off [fixed]", 
                "tx_lockless": "off [fixed]", 
                "tx_nocache_copy": "off", 
                "tx_scatter_gather": "on", 
                "tx_scatter_gather_fraglist": "off [fixed]", 
                "tx_sit_segmentation": "off [fixed]", 
                "tx_tcp6_segmentation": "off [fixed]", 
                "tx_tcp_ecn_segmentation": "off [fixed]", 
                "tx_tcp_segmentation": "on", 
                "tx_udp_tnl_segmentation": "off [fixed]", 
                "tx_vlan_offload": "on [fixed]", 
                "tx_vlan_stag_hw_insert": "off [fixed]", 
                "udp_fragmentation_offload": "off [fixed]", 
                "vlan_challenged": "off [fixed]"
            }, 
            "hw_timestamp_filters": [], 
            "ipv4": {
                "address": "10.0.2.4", 
                "broadcast": "10.0.2.255", 
                "netmask": "255.255.255.0", 
                "network": "10.0.2.0"
            }, 
            "ipv6": [
                {
                    "address": "fe80::fa9b:7d2:1c2c:583d", 
                    "prefix": "64", 
                    "scope": "link"
                }
            ], 
            "macaddress": "08:00:27:c9:b8:7b", 
            "module": "e1000", 
            "mtu": 1500, 
            "pciid": "0000:00:03.0", 
            "promisc": false, 
            "speed": 1000, 
            "timestamping": [
                "tx_software", 
                "rx_software", 
                "software"
            ], 
            "type": "ether"
        }, 
        "ansible_env": {
            "HOME": "/home/vipicm", 
            "LANG": "en_IN", 
            "LANGUAGE": "en_IN:en", 
            "LOGNAME": "vipicm", 
            "MAIL": "/var/mail/vipicm", 
            "PATH": "/usr/local/sbin:/usr/local/bin:/usr/sbin:/usr/bin:/sbin:/bin:/usr/games:/usr/local/games", 
            "PWD": "/home/vipicm", 
            "SHELL": "/bin/bash", 
            "SHLVL": "1", 
            "SSH_AUTH_SOCK": "/tmp/ssh-rQh64xAvQe/agent.3157", 
            "SSH_CLIENT": "127.0.0.1 39534 22", 
            "SSH_CONNECTION": "127.0.0.1 39534 127.0.0.1 22", 
            "SSH_TTY": "/dev/pts/3", 
            "TERM": "xterm-256color", 
            "USER": "vipicm", 
            "XDG_RUNTIME_DIR": "/run/user/1000", 
            "XDG_SESSION_COOKIE": "2a5d5f96ef9147c0b35535562b32d0ff-1561039068.442339-1952052873", 
            "XDG_SESSION_ID": "53", 
            "_": "/bin/sh"
        }, 
        "ansible_fibre_channel_wwn": [], 
        "ansible_fips": false, 
        "ansible_form_factor": "Other", 
        "ansible_fqdn": "vipicm-VirtualBox", 
        "ansible_hostname": "vipicm-VirtualBox", 
        "ansible_hostnqn": "", 
        "ansible_interfaces": [
            "lo", 
            "docker0", 
            "enp0s3"
        ], 
        "ansible_is_chroot": false, 
        "ansible_iscsi_iqn": "", 
        "ansible_kernel": "4.4.0-21-generic", 
        "ansible_lo": {
            "active": true, 
            "device": "lo", 
            "features": {
                "busy_poll": "off [fixed]", 
                "fcoe_mtu": "off [fixed]", 
                "generic_receive_offload": "on", 
                "generic_segmentation_offload": "on", 
                "highdma": "on [fixed]", 
                "hw_tc_offload": "off [fixed]", 
                "l2_fwd_offload": "off [fixed]", 
                "large_receive_offload": "off [fixed]", 
                "loopback": "on [fixed]", 
                "netns_local": "on [fixed]", 
                "ntuple_filters": "off [fixed]", 
                "receive_hashing": "off [fixed]", 
                "rx_all": "off [fixed]", 
                "rx_checksumming": "on [fixed]", 
                "rx_fcs": "off [fixed]", 
                "rx_vlan_filter": "off [fixed]", 
                "rx_vlan_offload": "off [fixed]", 
                "rx_vlan_stag_filter": "off [fixed]", 
                "rx_vlan_stag_hw_parse": "off [fixed]", 
                "scatter_gather": "on", 
                "tcp_segmentation_offload": "on", 
                "tx_checksum_fcoe_crc": "off [fixed]", 
                "tx_checksum_ip_generic": "on [fixed]", 
                "tx_checksum_ipv4": "off [fixed]", 
                "tx_checksum_ipv6": "off [fixed]", 
                "tx_checksum_sctp": "on [fixed]", 
                "tx_checksumming": "on", 
                "tx_fcoe_segmentation": "off [fixed]", 
                "tx_gre_segmentation": "off [fixed]", 
                "tx_gso_robust": "off [fixed]", 
                "tx_ipip_segmentation": "off [fixed]", 
                "tx_lockless": "on [fixed]", 
                "tx_nocache_copy": "off [fixed]", 
                "tx_scatter_gather": "on [fixed]", 
                "tx_scatter_gather_fraglist": "on [fixed]", 
                "tx_sit_segmentation": "off [fixed]", 
                "tx_tcp6_segmentation": "on", 
                "tx_tcp_ecn_segmentation": "on", 
                "tx_tcp_segmentation": "on", 
                "tx_udp_tnl_segmentation": "off [fixed]", 
                "tx_vlan_offload": "off [fixed]", 
                "tx_vlan_stag_hw_insert": "off [fixed]", 
                "udp_fragmentation_offload": "on", 
                "vlan_challenged": "on [fixed]"
            }, 
            "hw_timestamp_filters": [], 
            "ipv4": {
                "address": "127.0.0.1", 
                "broadcast": "host", 
                "netmask": "255.0.0.0", 
                "network": "127.0.0.0"
            }, 
            "ipv6": [
                {
                    "address": "::1", 
                    "prefix": "128", 
                    "scope": "host"
                }
            ], 
            "mtu": 65536, 
            "promisc": false, 
            "timestamping": [
                "rx_software", 
                "software"
            ], 
            "type": "loopback"
        }, 
        "ansible_local": {}, 
        "ansible_lsb": {
            "codename": "sarah", 
            "description": "Linux Mint 18 Sarah", 
            "id": "LinuxMint", 
            "major_release": "18", 
            "release": "18"
        }, 
        "ansible_machine": "x86_64", 
        "ansible_machine_id": "2a5d5f96ef9147c0b35535562b32d0ff", 
        "ansible_memfree_mb": 559, 
        "ansible_memory_mb": {
            "nocache": {
                "free": 2396, 
                "used": 1555
            }, 
            "real": {
                "free": 559, 
                "total": 3951, 
                "used": 3392
            }, 
            "swap": {
                "cached": 2, 
                "free": 2012, 
                "total": 2047, 
                "used": 35
            }
        }, 
        "ansible_memtotal_mb": 3951, 
        "ansible_mounts": [
            {
                "block_available": 396719, 
                "block_size": 1024, 
                "block_total": 482922, 
                "block_used": 86203, 
                "device": "/dev/sda1", 
                "fstype": "ext2", 
                "inode_available": 124625, 
                "inode_total": 124928, 
                "inode_used": 303, 
                "mount": "/boot", 
                "options": "rw,relatime,block_validity,barrier,user_xattr,acl", 
                "size_available": 406240256, 
                "size_total": 494512128, 
                "uuid": "fe2b046b-1605-466b-9e13-a107d38afcb0"
            }, 
            {
                "block_available": 6589307, 
                "block_size": 4096, 
                "block_total": 12228687, 
                "block_used": 5639380, 
                "device": "/dev/mapper/mint--vg-root", 
                "fstype": "ext4", 
                "inode_available": 2479688, 
                "inode_total": 3115056, 
                "inode_used": 635368, 
                "mount": "/", 
                "options": "rw,relatime,errors=remount-ro,data=ordered", 
                "size_available": 26989801472, 
                "size_total": 50088701952, 
                "uuid": "96bf8aec-434f-4bc9-8db9-1e4fed478197"
            }
        ], 
        "ansible_nodename": "vipicm-VirtualBox", 
        "ansible_os_family": "Debian", 
        "ansible_pkg_mgr": "apt", 
        "ansible_proc_cmdline": {
            "BOOT_IMAGE": "/vmlinuz-4.4.0-21-generic", 
            "quiet": true, 
            "ro": true, 
            "root": "/dev/mapper/mint--vg-root", 
            "splash": true
        }, 
        "ansible_processor": [
            "0", 
            "GenuineIntel", 
            "Intel(R) Core(TM) i5-8250U CPU @ 1.60GHz"
        ], 
        "ansible_processor_cores": 1, 
        "ansible_processor_count": 1, 
        "ansible_processor_threads_per_core": 1, 
        "ansible_processor_vcpus": 1, 
        "ansible_product_name": "VirtualBox", 
        "ansible_product_serial": "NA", 
        "ansible_product_uuid": "NA", 
        "ansible_product_version": "1.2", 
        "ansible_python": {
            "executable": "/usr/bin/python", 
            "has_sslcontext": true, 
            "type": "CPython", 
            "version": {
                "major": 2, 
                "micro": 12, 
                "minor": 7, 
                "releaselevel": "final", 
                "serial": 0
            }, 
            "version_info": [
                2, 
                7, 
                12, 
                "final", 
                0
            ]
        }, 
        "ansible_python_version": "2.7.12", 
        "ansible_real_group_id": 1000, 
        "ansible_real_user_id": 1000, 
        "ansible_selinux": {
            "status": "Missing selinux Python library"
        }, 
        "ansible_selinux_python_present": false, 
        "ansible_service_mgr": "systemd", 
        "ansible_ssh_host_key_dsa_public": "AAAAB3NzaC1kc3MAAACBANH2I5qozsySvx8pn2vULkqlgu/TT4ZXZWx3jECrGmLhsLYISz0iEoR8t9CfYdafDOdLM98/NnXtXX6+yJ6cY6/uf+855ePB0+p2t8przKHmObd6m6SxghNTNwa0fcxC654uwA+E5Mu4IlXjciIUYwV2UQ7YCkP9wQmJUW2MZSexAAAAFQCMTRlFRrYNraXmpINabW7gddrBYQAAAIBeTnImaei7NTy2XcUPj5Cbn6PwpdcNkI6rpbAyDXgxMmMavaoIW4vofKq7OBzHlvcX4t2KnQ2+YMR0x8VZH+HMFEl1xw9MTKWJy+gYUeF4qx1Sjxk2MmEc8I3pDOjXYlPkeOAvelOCKXutRYzfYZWzViZ+PczbVKAe/rdd3x7QWwAAAIBY/7BS2lSWb72J/jblUpwB8TIKXT3XG92Wsnt+pMSg02LIFyCi9MaLoCL2SYb+YmC3HmJpAgdGqsJWAONSCiUDHlJOmDjov9MQVTNG3Mq4qv5ltufadoFjLd6NX5l8aG6nZ+xNl1um/7EtEf1862XkRusP55bkYi1Nhh6qac2oaQ==", 
        "ansible_ssh_host_key_ecdsa_public": "AAAAE2VjZHNhLXNoYTItbmlzdHAyNTYAAAAIbmlzdHAyNTYAAABBBGwf29X+mr3TsOmEmilFb/akM4FdQo17eIuLp6IQv963+Am3gFBd2tfkdQPgrBslpS6xZJC31Qc2x8owO3VSOXQ=", 
        "ansible_ssh_host_key_ed25519_public": "AAAAC3NzaC1lZDI1NTE5AAAAIAM6oiPeh1PFi1kSXDIHhpYUUyeEHMde6mDVhMKKlpXX", 
        "ansible_ssh_host_key_rsa_public": "AAAAB3NzaC1yc2EAAAADAQABAAABAQDZL2m/0R1T8TSlaONBixchjTgXJS93wwzQ1LVYHx4iCm3uA1q6Smq8K4z9oQ6RknXf+Vz1luDc/HpYII5wMu8OQ1+Uc2i3by8ZpxdK7Wc9g0Q3CYoegArx/7OwOHes5jzMfXnzVXNSYFwdU11AwXs6iglF4EQ/fDcz/vhn7yq7ZSCvc85v4ZlL9aOOxr4lSPo16VDCG0adPaqvjsIIpAQcV3fn8PChvitS0ZNxyKuI5tbnpg0fQcBuZhEcBcBw10j7Cpc7hytpQFsWaNFc6ENjKS92LRlllu0PmtbMgnHpTCxpBrNqMFFYmGJqpJVBrmGN0A09GeT9r8/6NEaFCKEj", 
        "ansible_swapfree_mb": 2012, 
        "ansible_swaptotal_mb": 2047, 
        "ansible_system": "Linux", 
        "ansible_system_capabilities": [
            ""
        ], 
        "ansible_system_capabilities_enforced": "True", 
        "ansible_system_vendor": "innotek GmbH", 
        "ansible_uptime_seconds": 157302, 
        "ansible_user_dir": "/home/vipicm", 
        "ansible_user_gecos": "vipicm,,,", 
        "ansible_user_gid": 1000, 
        "ansible_user_id": "vipicm", 
        "ansible_user_shell": "/bin/bash", 
        "ansible_user_uid": 1000, 
        "ansible_userspace_architecture": "x86_64", 
        "ansible_userspace_bits": "64", 
        "ansible_virtualization_role": "guest", 
        "ansible_virtualization_type": "virtualbox", 
        "discovered_interpreter_python": "/usr/bin/python", 
        "gather_subset": [
            "all"
        ], 
        "module_setup": true
    }, 
    "changed": false
}
2019-06-20 19:27:49,583 p=2903 u=vipicm |  META: ran handlers
2019-06-20 19:27:49,863 p=2903 u=vipicm |   ____________________________________________
< TASK [report : Collecting memory details.] >
 --------------------------------------------
        \   ^__^
         \  (oo)\_______
            (__)\       )\/\
                ||----w |
                ||     ||


2019-06-20 19:27:49,865 p=2903 u=vipicm |  task path: /home/vipicm/Documents/project/ansible_projects/os_maintenance/roles/report/tasks/main.yml:1
2019-06-20 19:27:49,909 p=2903 u=vipicm |  <localhost> ESTABLISH SSH CONNECTION FOR USER: vipicm
2019-06-20 19:27:49,920 p=2903 u=vipicm |  <localhost> SSH: EXEC sshpass -d12 ssh -o ForwardAgent=yes -o StrictHostKeyChecking=no -o StrictHostKeyChecking=no -o Port=22 -o 'User="vipicm"' -o ConnectTimeout=10 localhost '/bin/sh -c '"'"'echo ~vipicm && sleep 0'"'"''
2019-06-20 19:27:50,180 p=2903 u=vipicm |  <localhost> (0, '/home/vipicm\n', '')
2019-06-20 19:27:50,187 p=2903 u=vipicm |  <localhost> ESTABLISH SSH CONNECTION FOR USER: vipicm
2019-06-20 19:27:50,194 p=2903 u=vipicm |  <localhost> SSH: EXEC sshpass -d12 ssh -o ForwardAgent=yes -o StrictHostKeyChecking=no -o StrictHostKeyChecking=no -o Port=22 -o 'User="vipicm"' -o ConnectTimeout=10 localhost '/bin/sh -c '"'"'( umask 77 && mkdir -p "` echo /home/vipicm/.ansible/tmp/ansible-tmp-1561039069.91-18137995404802 `" && echo ansible-tmp-1561039069.91-18137995404802="` echo /home/vipicm/.ansible/tmp/ansible-tmp-1561039069.91-18137995404802 `" ) && sleep 0'"'"''
2019-06-20 19:27:50,456 p=2903 u=vipicm |  <localhost> (0, 'ansible-tmp-1561039069.91-18137995404802=/home/vipicm/.ansible/tmp/ansible-tmp-1561039069.91-18137995404802\n', '')
2019-06-20 19:27:50,468 p=2903 u=vipicm |  <localhost> ESTABLISH SSH CONNECTION FOR USER: vipicm
2019-06-20 19:27:50,473 p=2903 u=vipicm |  <localhost> SSH: EXEC sshpass -d12 ssh -o ForwardAgent=yes -o StrictHostKeyChecking=no -o StrictHostKeyChecking=no -o Port=22 -o 'User="vipicm"' -o ConnectTimeout=10 localhost '/bin/sh -c '"'"'rm -f -r /home/vipicm/.ansible/tmp/ansible-tmp-1561039069.91-18137995404802/ > /dev/null 2>&1 && sleep 0'"'"''
2019-06-20 19:27:50,762 p=2903 u=vipicm |  <localhost> (0, '', '')
2019-06-20 19:27:50,778 p=2903 u=vipicm |  fatal: [localhost]: FAILED! => {
    "changed": false, 
    "msg": "Could not find or access 'scripts/memory.sh'\nSearched in:\n\t/home/vipicm/Documents/project/ansible_projects/os_maintenance/roles/report/files/scripts/memory.sh\n\t/home/vipicm/Documents/project/ansible_projects/os_maintenance/roles/report/scripts/memory.sh\n\t/home/vipicm/Documents/project/ansible_projects/os_maintenance/roles/report/tasks/files/scripts/memory.sh\n\t/home/vipicm/Documents/project/ansible_projects/os_maintenance/roles/report/tasks/scripts/memory.sh\n\t/home/vipicm/Documents/project/ansible_projects/os_maintenance/files/scripts/memory.sh\n\t/home/vipicm/Documents/project/ansible_projects/os_maintenance/scripts/memory.sh on the Ansible Controller.\nIf you are using a module and expect the file to exist on the remote, see the remote_src option"
}
2019-06-20 19:27:50,857 p=2903 u=vipicm |   ____________
< PLAY RECAP >
 ------------
        \   ^__^
         \  (oo)\_______
            (__)\       )\/\
                ||----w |
                ||     ||


2019-06-20 19:27:50,861 p=2903 u=vipicm |  localhost                  : ok=1    changed=0    unreachable=0    failed=1    skipped=0    rescued=0    ignored=0   
2019-06-20 19:39:54,457 p=3458 u=vipicm |   __________________________
< PLAY [REAL_anno_1991_AB] >
 --------------------------
        \   ^__^
         \  (oo)\_______
            (__)\       )\/\
                ||----w |
                ||     ||


2019-06-20 19:39:54,528 p=3458 u=vipicm |   ________________________
< TASK [Gathering Facts] >
 ------------------------
        \   ^__^
         \  (oo)\_______
            (__)\       )\/\
                ||----w |
                ||     ||


2019-06-20 19:39:57,447 p=3458 u=vipicm |  ok: [localhost]
2019-06-20 19:39:57,600 p=3458 u=vipicm |   ____________________________________________
< TASK [report : Collecting memory details.] >
 --------------------------------------------
        \   ^__^
         \  (oo)\_______
            (__)\       )\/\
                ||----w |
                ||     ||


2019-06-20 19:39:59,182 p=3458 u=vipicm |  changed: [localhost]
2019-06-20 19:39:59,388 p=3458 u=vipicm |   ___________________________________________
< TASK [report : Making customer directory] >
 -------------------------------------------
        \   ^__^
         \  (oo)\_______
            (__)\       )\/\
                ||----w |
                ||     ||


2019-06-20 19:40:01,171 p=3458 u=vipicm |  changed: [localhost]
2019-06-20 19:40:01,319 p=3458 u=vipicm |   ________________________________________________
< TASK [report : saving the output in localfile] >
 ------------------------------------------------
        \   ^__^
         \  (oo)\_______
            (__)\       )\/\
                ||----w |
                ||     ||


2019-06-20 19:40:04,607 p=3458 u=vipicm |  changed: [localhost]
2019-06-20 19:40:04,764 p=3458 u=vipicm |   _________________________________________
< TASK [report : saving details locally.] >
 -----------------------------------------
        \   ^__^
         \  (oo)\_______
            (__)\       )\/\
                ||----w |
                ||     ||


2019-06-20 19:40:06,534 p=3458 u=vipicm |  changed: [localhost]
2019-06-20 19:40:06,614 p=3458 u=vipicm |   ____________
< PLAY RECAP >
 ------------
        \   ^__^
         \  (oo)\_______
            (__)\       )\/\
                ||----w |
                ||     ||


2019-06-20 19:40:06,617 p=3458 u=vipicm |  localhost                  : ok=5    changed=4    unreachable=0    failed=0    skipped=0    rescued=0    ignored=0   
2019-06-20 19:53:02,825 p=5180 u=vipicm |  ERROR! failed at splitting arguments, either an unbalanced jinja2 block or quotes: echo "{{ output.stdout }}" > "./{{ group_names[0] }}/{{inventory_hostname}}.txt

The error appears to be in '/home/vipicm/Documents/project/ansible_projects/os_maintenance/roles/report/tasks/main.yml': line 19, column 3, but may
be elsewhere in the file depending on the exact syntax problem.

The offending line appears to be:


- name: saving details locally.
  ^ here

2019-06-20 19:53:31,941 p=5203 u=vipicm |  ERROR! failed at splitting arguments, either an unbalanced jinja2 block or quotes: echo "{{ output.stdout }}" > "./{{ group_names[0] }}/{{inventory_hostname}}.txt

The error appears to be in '/home/vipicm/Documents/project/ansible_projects/os_maintenance/roles/report/tasks/main.yml': line 19, column 3, but may
be elsewhere in the file depending on the exact syntax problem.

The offending line appears to be:


- name: saving details locally.
  ^ here

2019-06-20 19:53:48,434 p=5225 u=vipicm |  ERROR! failed at splitting arguments, either an unbalanced jinja2 block or quotes: echo "{{ output.stdout }}" > ./"{{ group_names[0] }}/{{inventory_hostname}}.txt

The error appears to be in '/home/vipicm/Documents/project/ansible_projects/os_maintenance/roles/report/tasks/main.yml': line 19, column 3, but may
be elsewhere in the file depending on the exact syntax problem.

The offending line appears to be:


- name: saving details locally.
  ^ here

2019-06-20 19:54:15,991 p=5272 u=vipicm |   __________________________
< PLAY [REAL_anno_1991_AB] >
 --------------------------
        \   ^__^
         \  (oo)\_______
            (__)\       )\/\
                ||----w |
                ||     ||


2019-06-20 19:54:16,062 p=5272 u=vipicm |   ________________________
< TASK [Gathering Facts] >
 ------------------------
        \   ^__^
         \  (oo)\_______
            (__)\       )\/\
                ||----w |
                ||     ||


2019-06-20 19:54:18,995 p=5272 u=vipicm |  ok: [localhost]
2019-06-20 19:54:19,147 p=5272 u=vipicm |   ____________________________________________
< TASK [report : Collecting memory details.] >
 --------------------------------------------
        \   ^__^
         \  (oo)\_______
            (__)\       )\/\
                ||----w |
                ||     ||


2019-06-20 19:54:20,637 p=5272 u=vipicm |  changed: [localhost]
2019-06-20 19:54:20,865 p=5272 u=vipicm |   ___________________________________________
< TASK [report : Making customer directory] >
 -------------------------------------------
        \   ^__^
         \  (oo)\_______
            (__)\       )\/\
                ||----w |
                ||     ||


2019-06-20 19:54:22,615 p=5272 u=vipicm |  ok: [localhost]
2019-06-20 19:54:22,784 p=5272 u=vipicm |   ________________________________________________
< TASK [report : saving the output in localfile] >
 ------------------------------------------------
        \   ^__^
         \  (oo)\_______
            (__)\       )\/\
                ||----w |
                ||     ||


2019-06-20 19:54:26,123 p=5272 u=vipicm |  changed: [localhost]
2019-06-20 19:54:26,287 p=5272 u=vipicm |   _________________________________________
< TASK [report : saving details locally.] >
 -----------------------------------------
        \   ^__^
         \  (oo)\_______
            (__)\       )\/\
                ||----w |
                ||     ||


2019-06-20 19:54:28,061 p=5272 u=vipicm |  changed: [localhost]
2019-06-20 19:54:28,149 p=5272 u=vipicm |   ____________
< PLAY RECAP >
 ------------
        \   ^__^
         \  (oo)\_______
            (__)\       )\/\
                ||----w |
                ||     ||


2019-06-20 19:54:28,152 p=5272 u=vipicm |  localhost                  : ok=5    changed=3    unreachable=0    failed=0    skipped=0    rescued=0    ignored=0   
2019-06-20 20:08:55,832 p=6474 u=vipicm |   __________________________
< PLAY [REAL_anno_1991_AB] >
 --------------------------
        \   ^__^
         \  (oo)\_______
            (__)\       )\/\
                ||----w |
                ||     ||


2019-06-20 20:08:55,885 p=6474 u=vipicm |   ________________________
< TASK [Gathering Facts] >
 ------------------------
        \   ^__^
         \  (oo)\_______
            (__)\       )\/\
                ||----w |
                ||     ||


2019-06-20 20:08:58,922 p=6474 u=vipicm |  ok: [localhost]
2019-06-20 20:08:59,024 p=6474 u=vipicm |   ____________________________________________
< TASK [report : Collecting memory details.] >
 --------------------------------------------
        \   ^__^
         \  (oo)\_______
            (__)\       )\/\
                ||----w |
                ||     ||


2019-06-20 20:09:00,485 p=6474 u=vipicm |  changed: [localhost]
2019-06-20 20:09:00,686 p=6474 u=vipicm |   ___________________________________________
< TASK [report : Making customer directory] >
 -------------------------------------------
        \   ^__^
         \  (oo)\_______
            (__)\       )\/\
                ||----w |
                ||     ||


2019-06-20 20:09:02,362 p=6474 u=vipicm |  ok: [localhost]
2019-06-20 20:09:02,551 p=6474 u=vipicm |   ________________________________________________
< TASK [report : saving the output in localfile] >
 ------------------------------------------------
        \   ^__^
         \  (oo)\_______
            (__)\       )\/\
                ||----w |
                ||     ||


2019-06-20 20:09:05,738 p=6474 u=vipicm |  changed: [localhost]
2019-06-20 20:09:05,907 p=6474 u=vipicm |   _____________________________________________________
< TASK [report : Fetching the output to local system] >
 -----------------------------------------------------
        \   ^__^
         \  (oo)\_______
            (__)\       )\/\
                ||----w |
                ||     ||


2019-06-20 20:09:07,719 p=6474 u=vipicm |  changed: [localhost]
2019-06-20 20:09:07,791 p=6474 u=vipicm |   ____________
< PLAY RECAP >
 ------------
        \   ^__^
         \  (oo)\_______
            (__)\       )\/\
                ||----w |
                ||     ||


2019-06-20 20:09:07,796 p=6474 u=vipicm |  localhost                  : ok=5    changed=3    unreachable=0    failed=0    skipped=0    rescued=0    ignored=0   
